Fri May 31 18:07:21 AEST 2019 : Apache Derby Network Server - 10.10.2.0 - (1582446) started and ready to accept connections on port 1527
----------------------------------------------------------------
Fri May 31 18:07:21 AEST 2019:
Booting Derby version The Apache Software Foundation - Apache Derby - 10.10.2.0 - (1582446): instance a816c00e-016b-0ced-d38f-000069390523 
on database directory C:\Users\New\Desktop\New folder (2)\ISD Assignment May 31 2019\Database\onlinemoviestore\onlinemoviestore with class loader sun.misc.Launcher$AppClassLoader@144bcfa 
Loaded from file:/C:/Program%20Files%20(x86)/glassfish-4.1.1/javadb/lib/derby.jar
java.vendor=Oracle Corporation
java.runtime.version=1.8.0_211-b12
user.dir=C:\Program Files (x86)\glassfish-4.1.1\javadb
os.name=Windows 10
os.arch=x86
os.version=10.0
derby.system.home=C:\Users\New\Desktop\New folder (2)\ISD Assignment May 31 2019\Database\onlinemoviestore
Database Class Loader started - derby.database.classpath=''
----------------------------------------------------------------
Fri May 31 18:07:23 AEST 2019:
Shutting down instance a816c00e-016b-0ced-d38f-000069390523 on database directory C:\Users\New\Desktop\New folder (2)\ISD Assignment May 31 2019\Database\onlinemoviestore\onlinemoviestore with class loader sun.misc.Launcher$AppClassLoader@144bcfa 
Fri May 31 18:07:23 AEST 2019 Thread[DRDAConnThread_2,5,main] (DATABASE = onlinemoviestore), (DRDAID = {2}), Database 'onlinemoviestore' shutdown.
----------------------------------------------------------------
Fri May 31 18:07:33 AEST 2019:
Booting Derby version The Apache Software Foundation - Apache Derby - 10.10.2.0 - (1582446): instance 560740aa-016b-0ced-d38f-000069390523 
on database directory C:\Users\New\Desktop\New folder (2)\ISD Assignment May 31 2019\Database\onlinemoviestore\onlinemoviestore with class loader sun.misc.Launcher$AppClassLoader@144bcfa 
Loaded from file:/C:/Program%20Files%20(x86)/glassfish-4.1.1/javadb/lib/derby.jar
java.vendor=Oracle Corporation
java.runtime.version=1.8.0_211-b12
user.dir=C:\Program Files (x86)\glassfish-4.1.1\javadb
os.name=Windows 10
os.arch=x86
os.version=10.0
derby.system.home=C:\Users\New\Desktop\New folder (2)\ISD Assignment May 31 2019\Database\onlinemoviestore
Database Class Loader started - derby.database.classpath=''
----------------------------------------------------------------
Fri May 31 18:08:15 AEST 2019: Shutting down Derby engine
----------------------------------------------------------------
Fri May 31 18:08:15 AEST 2019:
Shutting down instance 560740aa-016b-0ced-d38f-000069390523 on database directory C:\Users\New\Desktop\New folder (2)\ISD Assignment May 31 2019\Database\onlinemoviestore\onlinemoviestore with class loader sun.misc.Launcher$AppClassLoader@144bcfa 
----------------------------------------------------------------
