Fri May 31 20:49:39 AEST 2019 : Apache Derby Network Server - 10.10.2.0 - (1582446) started and ready to accept connections on port 1527
----------------------------------------------------------------
Fri May 31 20:49:53 AEST 2019:
Booting Derby version The Apache Software Foundation - Apache Derby - 10.10.2.0 - (1582446): instance a816c00e-016b-0d82-6bfb-000026a7a31d 
on database directory C:\Users\New\Desktop\New folder (2)\ISD Assignment May 31 2019\Database\onlinemoviestore with class loader sun.misc.Launcher$AppClassLoader@144bcfa 
Loaded from file:/C:/Program%20Files%20(x86)/glassfish-4.1.1/javadb/lib/derby.jar
java.vendor=Oracle Corporation
java.runtime.version=1.8.0_211-b12
user.dir=C:\Program Files (x86)\glassfish-4.1.1\javadb
os.name=Windows 10
os.arch=x86
os.version=10.0
derby.system.home=C:\Users\New\Desktop\New folder (2)\ISD Assignment May 31 2019\Database
Database Class Loader started - derby.database.classpath=''
----------------------------------------------------------------
Fri May 31 21:55:39 AEST 2019:
Booting Derby version The Apache Software Foundation - Apache Derby - 10.10.2.0 - (1582446): instance 8c9400a1-016b-0d82-6bfb-000026a7a31d 
on database directory C:\Users\New\Desktop\New folder (2)\ISD Assignment May 31 2019\Database\ISO with class loader sun.misc.Launcher$AppClassLoader@144bcfa 
Loaded from file:/C:/Program%20Files%20(x86)/glassfish-4.1.1/javadb/lib/derby.jar
java.vendor=Oracle Corporation
java.runtime.version=1.8.0_211-b12
user.dir=C:\Program Files (x86)\glassfish-4.1.1\javadb
os.name=Windows 10
os.arch=x86
os.version=10.0
derby.system.home=C:\Users\New\Desktop\New folder (2)\ISD Assignment May 31 2019\Database
Database Class Loader started - derby.database.classpath=''
